d:\uni stuff\bcu\year 2\module 7\framework\framework\debug\vc142.pdb
d:\uni stuff\bcu\year 2\module 7\framework\framework\debug\vc142.idb
d:\uni stuff\bcu\year 2\module 7\framework\framework\debug\wall.obj
d:\uni stuff\bcu\year 2\module 7\framework\framework\debug\source.obj
d:\uni stuff\bcu\year 2\module 7\framework\framework\debug\snaketail.obj
d:\uni stuff\bcu\year 2\module 7\framework\framework\debug\snakehead.obj
d:\uni stuff\bcu\year 2\module 7\framework\framework\debug\snake.obj
d:\uni stuff\bcu\year 2\module 7\framework\framework\debug\helpers.obj
d:\uni stuff\bcu\year 2\module 7\framework\framework\debug\game.obj
d:\uni stuff\bcu\year 2\module 7\framework\framework\debug\char.obj
d:\uni stuff\bcu\year 2\module 7\framework\framework\debug\border.obj
d:\uni stuff\bcu\year 2\module 7\framework\framework\debug\fruit.obj
d:\uni stuff\bcu\year 2\module 7\framework\framework\debug\vector2.obj
d:\uni stuff\bcu\year 2\module 7\framework\debug\framework.exe
d:\uni stuff\bcu\year 2\module 7\framework\debug\framework.ilk
d:\uni stuff\bcu\year 2\module 7\framework\debug\framework.pdb
d:\uni stuff\bcu\year 2\module 7\framework\framework\debug\snaketail.obj.enc
d:\uni stuff\bcu\year 2\module 7\framework\framework\debug\framework.tlog\cl.command.1.tlog
d:\uni stuff\bcu\year 2\module 7\framework\framework\debug\framework.tlog\cl.read.1.tlog
d:\uni stuff\bcu\year 2\module 7\framework\framework\debug\framework.tlog\cl.write.1.tlog
d:\uni stuff\bcu\year 2\module 7\framework\framework\debug\framework.tlog\link.command.1.tlog
d:\uni stuff\bcu\year 2\module 7\framework\framework\debug\framework.tlog\link.read.1.tlog
d:\uni stuff\bcu\year 2\module 7\framework\framework\debug\framework.tlog\link.write.1.tlog
